********************************************************************************
DUPLICATOR-LITE PACKAGE-LOG: 28/05/2026 09:59
NOTICE: Do NOT post to public sites or forums 
********************************************************************************
VERSION:	1.5.16
WORDPRESS:	7.0
PHP INFO:	8.2.31 | SAPI: apache2handler
SERVER:		Apache 
PHP TIME LIMIT: (0) no time limit imposed 
PHP MAX MEMORY: 4294967296 (768M default) 
MEMORY STACK: 104MB

********************************************************************************
DATABASE:
********************************************************************************
BUILD MODE:   MYSQLDUMP
MYSQLTIMEOUT: 5000
MYSQLDUMP:    Is Supported
SQL CREATED: 28_05_2026_nuvanx_c3bc37aa1b582f157938_20260528095819_database.sql
SQL FILE SIZE: 49.41MB (51812538)
SQL FILE TIME: 2026-05-28 09:59:23
SQL RUNTIME: 0.52 seg.

********************************************************************************
ARCHIVE (ZIP):
********************************************************************************
ARCHIVE DIR:  /home/customer/www/nuvanx.com/public_html
ARCHIVE FILE: 28_05_2026_nuvanx_c3bc37aa1b582f157938_20260528095819_archive.zip
FILTERS: *OFF*
DIRS:
	not set
FILES:
	not set
EXTS:  not set
----------------------------------------
COMPRESSING
SIZE:	398.36MB
STATS:	Dirs 2,530 | Files 15,595
SQL ADDED: 28_05_2026_nuvanx_c3bc37aa1b582f157938_20260528095819_database.sql
ZipArchive Object
(
    [lastId] => 18124
    [status] => 0
    [statusSys] => 0
    [numFiles] => 18125
    [filename] => /home/customer/www/nuvanx.com/public_html/wp-content/backups-dup-lite/tmp/28_05_2026_nuvanx_c3bc37aa1b582f157938_20260528095819_archive.zip
    [comment] => 
)

FILE ADDED TO ZIP: 18124
COMPRESSION RESULT: '1'
COMPRESSED SIZE: 199.02MB
ARCHIVE RUNTIME: 21.46 seg.
MEMORY STACK: 108.41MB
building installer
PRUEBA DE CONSISTENCIA DEL ARCHIVO: SUPERADA

********************************************************************************
INTEGRITY CHECKS:
********************************************************************************
SQL FILE: 49.41MB
INSTALLER FILE: 73.49KB
ARCHIVE FILE: 201.14MB 
RECUENTO ARCHIVOS/DIRECTORIOS ESPERADOS: 18,125
RECUENTO ARCHIVOS/DIRECTORIOS ACTUALES: 18,124
PRUEBA DE CONSISTENCIA DEL ARCHIVO: Superado

********************************************************************************
RECORD ID:[24]
TOTAL PROCESS RUNTIME: 23.09 seg.
PEAK PHP MEMORY USED: 108.42MB
DONE PROCESSING => 28_05_2026_nuvanx 28/05/2026 09:59

